Traceback (most recent call last):
  File "/home/kilroy/miniconda3/envs/epipelargosy/lib/python3.13/site-packages/jupyter_cache/executors/utils.py", line 58, in single_nb_execution
    executenb(
    ~~~~~~~~~^
        nb,
        ^^^
    ...<4 lines>...
        **kwargs,
        ^^^^^^^^^
    )
    ^
  File "/home/kilroy/miniconda3/envs/epipelargosy/lib/python3.13/site-packages/nbclient/client.py", line 1319, in execute
    return NotebookClient(nb=nb, resources=resources, km=km, **kwargs).execute()
           ~~~~~~~~~~~~~~~~~~~~~~~~~~~~~~~~~~~~~~~~~~~~~~~~~~~~~~~~~~~~~~~~~~~^^
  File "/home/kilroy/miniconda3/envs/epipelargosy/lib/python3.13/site-packages/jupyter_core/utils/__init__.py", line 165, in wrapped
    return loop.run_until_complete(inner)
           ~~~~~~~~~~~~~~~~~~~~~~~^^^^^^^
  File "/home/kilroy/miniconda3/envs/epipelargosy/lib/python3.13/asyncio/base_events.py", line 725, in run_until_complete
    return future.result()
           ~~~~~~~~~~~~~^^
  File "/home/kilroy/miniconda3/envs/epipelargosy/lib/python3.13/site-packages/nbclient/client.py", line 709, in async_execute
    await self.async_execute_cell(
        cell, index, execution_count=self.code_cells_executed + 1
    )
  File "/home/kilroy/miniconda3/envs/epipelargosy/lib/python3.13/site-packages/nbclient/client.py", line 1062, in async_execute_cell
    await self._check_raise_for_error(cell, cell_index, exec_reply)
  File "/home/kilroy/miniconda3/envs/epipelargosy/lib/python3.13/site-packages/nbclient/client.py", line 918, in _check_raise_for_error
    raise CellExecutionError.from_cell_and_msg(cell, exec_reply_content)
nbclient.exceptions.CellExecutionError: An error occurred while executing the following cell:
------------------
ds = xr.open_dataset(f)
# ds produces Dimension: row (9.4M), Coords: nada, Data variables: time, salinity, qc, z
#   and Attributes: 44 in number. Let's move time to Coordinate / Dimension
------------------


[31m---------------------------------------------------------------------------[39m
[31mKeyError[39m                                  Traceback (most recent call last)
[36mFile [39m[32m~/miniconda3/envs/epipelargosy/lib/python3.13/site-packages/xarray/backends/file_manager.py:211[39m, in [36mCachingFileManager._acquire_with_cache_info[39m[34m(self, needs_lock)[39m
[32m    210[39m [38;5;28;01mtry[39;00m:
[32m--> [39m[32m211[39m     file = [38;5;28mself[39m._cache[[38;5;28mself[39m._key]
[32m    212[39m [38;5;28;01mexcept[39;00m [38;5;167;01mKeyError[39;00m:

[36mFile [39m[32m~/miniconda3/envs/epipelargosy/lib/python3.13/site-packages/xarray/backends/lru_cache.py:56[39m, in [36mLRUCache.__getitem__[39m[34m(self, key)[39m
[32m     55[39m [38;5;28;01mwith[39;00m [38;5;28mself[39m._lock:
[32m---> [39m[32m56[39m     value = [38;5;28mself[39m._cache[key]
[32m     57[39m     [38;5;28mself[39m._cache.move_to_end(key)

[31mKeyError[39m: [<class 'netCDF4._netCDF4.Dataset'>, ('/home/kilroy/REDO/rca/OregonSlopeBase/profiler/ctd/ooi-rs01sbps-sf01a-2a-ctdpfa102_4eec_68ec_95ec.nc',), 'r', (('clobber', True), ('diskless', False), ('format', 'NETCDF4'), ('persist', False)), '8a53aad9-8e6a-4b4d-bfe5-8c22ff0b1e3a']

During handling of the above exception, another exception occurred:

[31mFileNotFoundError[39m                         Traceback (most recent call last)
[36mCell[39m[36m [39m[32mIn[3][39m[32m, line 1[39m
[32m----> [39m[32m1[39m ds = xr.open_dataset(f)

[36mFile [39m[32m~/miniconda3/envs/epipelargosy/lib/python3.13/site-packages/xarray/backends/api.py:687[39m, in [36mopen_dataset[39m[34m(filename_or_obj, engine, chunks, cache, decode_cf, mask_and_scale, decode_times, decode_timedelta, use_cftime, concat_characters, decode_coords, drop_variables, inline_array, chunked_array_type, from_array_kwargs, backend_kwargs, **kwargs)[39m
[32m    675[39m decoders = _resolve_decoders_kwargs(
[32m    676[39m     decode_cf,
[32m    677[39m     open_backend_dataset_parameters=backend.open_dataset_parameters,
[32m   (...)[39m[32m    683[39m     decode_coords=decode_coords,
[32m    684[39m )
[32m    686[39m overwrite_encoded_chunks = kwargs.pop([33m"[39m[33moverwrite_encoded_chunks[39m[33m"[39m, [38;5;28;01mNone[39;00m)
[32m--> [39m[32m687[39m backend_ds = backend.open_dataset(
[32m    688[39m     filename_or_obj,
[32m    689[39m     drop_variables=drop_variables,
[32m    690[39m     **decoders,
[32m    691[39m     **kwargs,
[32m    692[39m )
[32m    693[39m ds = _dataset_from_backend_dataset(
[32m    694[39m     backend_ds,
[32m    695[39m     filename_or_obj,
[32m   (...)[39m[32m    705[39m     **kwargs,
[32m    706[39m )
[32m    707[39m [38;5;28;01mreturn[39;00m ds

[36mFile [39m[32m~/miniconda3/envs/epipelargosy/lib/python3.13/site-packages/xarray/backends/netCDF4_.py:666[39m, in [36mNetCDF4BackendEntrypoint.open_dataset[39m[34m(self, filename_or_obj, mask_and_scale, decode_times, concat_characters, decode_coords, drop_variables, use_cftime, decode_timedelta, group, mode, format, clobber, diskless, persist, auto_complex, lock, autoclose)[39m
[32m    644[39m [38;5;28;01mdef[39;00m[38;5;250m [39m[34mopen_dataset[39m(
[32m    645[39m     [38;5;28mself[39m,
[32m    646[39m     filename_or_obj: [38;5;28mstr[39m | os.PathLike[Any] | ReadBuffer | AbstractDataStore,
[32m   (...)[39m[32m    663[39m     autoclose=[38;5;28;01mFalse[39;00m,
[32m    664[39m ) -> Dataset:
[32m    665[39m     filename_or_obj = _normalize_path(filename_or_obj)
[32m--> [39m[32m666[39m     store = NetCDF4DataStore.open(
[32m    667[39m         filename_or_obj,
[32m    668[39m         mode=mode,
[32m    669[39m         [38;5;28mformat[39m=[38;5;28mformat[39m,
[32m    670[39m         group=group,
[32m    671[39m         clobber=clobber,
[32m    672[39m         diskless=diskless,
[32m    673[39m         persist=persist,
[32m    674[39m         auto_complex=auto_complex,
[32m    675[39m         lock=lock,
[32m    676[39m         autoclose=autoclose,
[32m    677[39m     )
[32m    679[39m     store_entrypoint = StoreBackendEntrypoint()
[32m    680[39m     [38;5;28;01mwith[39;00m close_on_error(store):

[36mFile [39m[32m~/miniconda3/envs/epipelargosy/lib/python3.13/site-packages/xarray/backends/netCDF4_.py:452[39m, in [36mNetCDF4DataStore.open[39m[34m(cls, filename, mode, format, group, clobber, diskless, persist, auto_complex, lock, lock_maker, autoclose)[39m
[32m    448[39m     kwargs[[33m"[39m[33mauto_complex[39m[33m"[39m] = auto_complex
[32m    449[39m manager = CachingFileManager(
[32m    450[39m     netCDF4.Dataset, filename, mode=mode, kwargs=kwargs
[32m    451[39m )
[32m--> [39m[32m452[39m [38;5;28;01mreturn[39;00m [38;5;28mcls[39m(manager, group=group, mode=mode, lock=lock, autoclose=autoclose)

[36mFile [39m[32m~/miniconda3/envs/epipelargosy/lib/python3.13/site-packages/xarray/backends/netCDF4_.py:393[39m, in [36mNetCDF4DataStore.__init__[39m[34m(self, manager, group, mode, lock, autoclose)[39m
[32m    391[39m [38;5;28mself[39m._group = group
[32m    392[39m [38;5;28mself[39m._mode = mode
[32m--> [39m[32m393[39m [38;5;28mself[39m.format = [38;5;28mself[39m.ds.data_model
[32m    394[39m [38;5;28mself[39m._filename = [38;5;28mself[39m.ds.filepath()
[32m    395[39m [38;5;28mself[39m.is_remote = is_remote_uri([38;5;28mself[39m._filename)

[36mFile [39m[32m~/miniconda3/envs/epipelargosy/lib/python3.13/site-packages/xarray/backends/netCDF4_.py:461[39m, in [36mNetCDF4DataStore.ds[39m[34m(self)[39m
[32m    459[39m [38;5;129m@property[39m
[32m    460[39m [38;5;28;01mdef[39;00m[38;5;250m [39m[34mds[39m([38;5;28mself[39m):
[32m--> [39m[32m461[39m     [38;5;28;01mreturn[39;00m [38;5;28mself[39m._acquire()

[36mFile [39m[32m~/miniconda3/envs/epipelargosy/lib/python3.13/site-packages/xarray/backends/netCDF4_.py:455[39m, in [36mNetCDF4DataStore._acquire[39m[34m(self, needs_lock)[39m
[32m    454[39m [38;5;28;01mdef[39;00m[38;5;250m [39m[34m_acquire[39m([38;5;28mself[39m, needs_lock=[38;5;28;01mTrue[39;00m):
[32m--> [39m[32m455[39m     [38;5;28;01mwith[39;00m [38;5;28mself[39m._manager.acquire_context(needs_lock) [38;5;28;01mas[39;00m root:
[32m    456[39m         ds = _nc4_require_group(root, [38;5;28mself[39m._group, [38;5;28mself[39m._mode)
[32m    457[39m     [38;5;28;01mreturn[39;00m ds

[36mFile [39m[32m~/miniconda3/envs/epipelargosy/lib/python3.13/contextlib.py:141[39m, in [36m_GeneratorContextManager.__enter__[39m[34m(self)[39m
[32m    139[39m [38;5;28;01mdel[39;00m [38;5;28mself[39m.args, [38;5;28mself[39m.kwds, [38;5;28mself[39m.func
[32m    140[39m [38;5;28;01mtry[39;00m:
[32m--> [39m[32m141[39m     [38;5;28;01mreturn[39;00m [38;5;28mnext[39m([38;5;28mself[39m.gen)
[32m    142[39m [38;5;28;01mexcept[39;00m [38;5;167;01mStopIteration[39;00m:
[32m    143[39m     [38;5;28;01mraise[39;00m [38;5;167;01mRuntimeError[39;00m([33m"[39m[33mgenerator didn[39m[33m'[39m[33mt yield[39m[33m"[39m) [38;5;28;01mfrom[39;00m[38;5;250m [39m[38;5;28;01mNone[39;00m

[36mFile [39m[32m~/miniconda3/envs/epipelargosy/lib/python3.13/site-packages/xarray/backends/file_manager.py:199[39m, in [36mCachingFileManager.acquire_context[39m[34m(self, needs_lock)[39m
[32m    196[39m [38;5;129m@contextlib[39m.contextmanager
[32m    197[39m [38;5;28;01mdef[39;00m[38;5;250m [39m[34macquire_context[39m([38;5;28mself[39m, needs_lock=[38;5;28;01mTrue[39;00m):
[32m    198[39m [38;5;250m    [39m[33;03m"""Context manager for acquiring a file."""[39;00m
[32m--> [39m[32m199[39m     file, cached = [38;5;28mself[39m._acquire_with_cache_info(needs_lock)
[32m    200[39m     [38;5;28;01mtry[39;00m:
[32m    201[39m         [38;5;28;01myield[39;00m file

[36mFile [39m[32m~/miniconda3/envs/epipelargosy/lib/python3.13/site-packages/xarray/backends/file_manager.py:217[39m, in [36mCachingFileManager._acquire_with_cache_info[39m[34m(self, needs_lock)[39m
[32m    215[39m     kwargs = kwargs.copy()
[32m    216[39m     kwargs[[33m"[39m[33mmode[39m[33m"[39m] = [38;5;28mself[39m._mode
[32m--> [39m[32m217[39m file = [38;5;28mself[39m._opener(*[38;5;28mself[39m._args, **kwargs)
[32m    218[39m [38;5;28;01mif[39;00m [38;5;28mself[39m._mode == [33m"[39m[33mw[39m[33m"[39m:
[32m    219[39m     [38;5;66;03m# ensure file doesn't get overridden when opened again[39;00m
[32m    220[39m     [38;5;28mself[39m._mode = [33m"[39m[33ma[39m[33m"[39m

[36mFile [39m[32msrc/netCDF4/_netCDF4.pyx:2521[39m, in [36mnetCDF4._netCDF4.Dataset.__init__[39m[34m()[39m

[36mFile [39m[32msrc/netCDF4/_netCDF4.pyx:2158[39m, in [36mnetCDF4._netCDF4._ensure_nc_success[39m[34m()[39m

[31mFileNotFoundError[39m: [Errno 2] No such file or directory: '/home/kilroy/REDO/rca/OregonSlopeBase/profiler/ctd/ooi-rs01sbps-sf01a-2a-ctdpfa102_4eec_68ec_95ec.nc'

